{
  "RSpec": {
    "coverage": {
      "/home/mavr/rsoi/sercices/aggregator/app/helpers/application_helper.rb": [
        1,
        null
      ],
      "/home/mavr/rsoi/sercices/aggregator/app/helpers/film_helper.rb": [
        1,
        null
      ],
      "/home/mavr/rsoi/sercices/aggregator/app/helpers/film_rating_helper.rb": [
        1,
        null
      ],
      "/home/mavr/rsoi/sercices/aggregator/app/helpers/film_user_helper.rb": [
        1,
        null
      ],
      "/home/mavr/rsoi/sercices/aggregator/app/helpers/user_helper.rb": [
        1,
        null
      ],
      "/home/mavr/rsoi/sercices/aggregator/app/controllers/film_controller.rb": [
        1,
        1,
        1,
        1,
        null,
        1,
        null,
        1,
        0,
        null,
        null,
        1,
        null,
        null,
        1,
        3,
        null,
        3,
        1,
        null,
        null,
        2,
        null,
        null,
        null,
        1,
        3,
        null,
        3,
        3,
        2,
        null,
        1,
        null,
        null,
        1,
        1,
        1,
        0,
        null,
        1,
        1,
        null,
        null,
        null,
        1,
        2,
        2,
        null,
        null,
        2,
        1,
        null,
        null,
        1,
        null,
        1,
        0,
        null,
        null,
        1,
        null,
        null
      ],
      "/home/mavr/rsoi/sercices/aggregator/app/controllers/application_controller.rb": [
        1,
        1,
        1,
        null,
        1,
        1,
        1,
        1,
        null,
        1,
        null,
        1,
        31,
        31,
        20,
        19,
        18,
        18,
        18,
        null,
        null,
        20,
        null,
        11,
        10,
        null,
        1,
        1,
        null,
        null,
        null,
        null,
        null,
        null,
        null,
        null,
        null,
        null,
        null,
        null,
        null,
        null,
        null,
        null,
        null,
        null,
        null,
        null,
        null,
        null,
        null,
        null,
        null,
        null,
        null,
        null,
        null,
        null,
        null,
        null,
        null,
        null,
        null,
        null,
        null,
        null,
        null,
        null,
        null,
        null,
        null,
        null,
        null,
        null,
        null,
        null,
        null,
        null,
        null,
        null,
        null,
        null,
        null,
        null,
        null,
        null,
        null,
        null,
        null,
        null,
        null,
        null,
        null,
        null,
        null,
        null,
        null,
        null,
        null,
        null,
        null,
        null,
        null,
        null,
        null
      ],
      "/home/mavr/rsoi/sercices/aggregator/app/controllers/RequestSender.rb": [
        1,
        1,
        null,
        1,
        31,
        31,
        31,
        31,
        78,
        null,
        31,
        31,
        null,
        null,
        null,
        1,
        10,
        10,
        10,
        10,
        10,
        10,
        10,
        null,
        10,
        0,
        0,
        null,
        null,
        null,
        1,
        20,
        20,
        19,
        20,
        null,
        null,
        20,
        20,
        6,
        null,
        20,
        20,
        20,
        0,
        0,
        0,
        null,
        null,
        null,
        1,
        1,
        1,
        1,
        1,
        1,
        null,
        1,
        0,
        0,
        null,
        null,
        null
      ],
      "/home/mavr/rsoi/sercices/aggregator/spec/controllers/film_rating_contrller_spec.rb": [
        1,
        null,
        1,
        1,
        1,
        1,
        1,
        null,
        null,
        1,
        1,
        1,
        null,
        null,
        null,
        1,
        1,
        1,
        null,
        null,
        1,
        1,
        1,
        null,
        null,
        1,
        1,
        1,
        null,
        null,
        1,
        1,
        1,
        null,
        null,
        1,
        1,
        1,
        null,
        null,
        1,
        1,
        1,
        null,
        null,
        null
      ],
      "/home/mavr/rsoi/sercices/aggregator/app/controllers/film_rating_controller.rb": [
        1,
        null,
        1,
        2,
        2,
        null,
        2,
        null,
        null,
        2,
        1,
        null,
        null,
        1,
        null,
        null,
        1,
        0,
        null,
        null,
        1,
        null,
        null,
        1,
        3,
        3,
        3,
        null,
        null,
        3,
        2,
        null,
        null,
        1,
        1,
        1,
        1,
        1,
        0,
        null,
        1,
        null,
        null,
        1,
        1,
        3,
        3,
        3,
        3,
        3,
        null,
        null,
        null,
        null,
        null,
        null,
        1,
        null,
        null,
        1,
        3,
        3,
        null,
        3,
        2,
        null,
        null,
        1,
        null,
        1,
        1,
        0,
        null,
        1,
        null,
        null,
        1,
        1,
        2,
        2,
        2,
        null,
        null,
        null,
        null,
        null,
        null,
        1,
        null,
        null,
        null,
        null,
        null,
        null,
        null,
        null,
        null,
        null,
        null,
        null,
        null
      ],
      "/home/mavr/rsoi/sercices/aggregator/spec/controllers/user_controller_spec.rb": [
        1,
        null,
        1,
        1,
        1,
        1,
        1,
        null,
        null,
        1,
        1,
        null,
        null,
        1,
        1,
        1,
        1,
        null,
        null,
        null,
        1,
        1,
        null,
        1,
        1,
        1,
        null,
        null,
        1,
        1,
        null,
        1,
        1,
        1,
        null,
        null,
        null
      ],
      "/home/mavr/rsoi/sercices/aggregator/app/controllers/user_controller.rb": [
        1,
        null,
        1,
        2,
        2,
        2,
        null,
        null,
        1,
        0,
        0,
        null,
        null,
        1,
        null,
        2,
        2,
        2,
        2,
        null,
        null,
        null,
        null
      ]
    },
    "timestamp": 1512992162
  }
}
